------------------------------------------------------------------------------------------------------------------------

[2024-05-09 20:14:19 #1 store] 
Database '/home/alumno/eclipse-workspace/Trabajo_Final_Programacion/objectdb-2.8.9/db/existencias.odb' is opened by 26519@A16-18

[2024-05-09 20:14:19 #2 store] 
Configuration path: ?

[2024-05-09 20:14:19 #3 type] 
Type Material is not enhanced.

------------------------------------------------------------------------------------------------------------------------

[2024-05-09 20:14:30 #1 store] 
Database '/home/alumno/eclipse-workspace/Trabajo_Final_Programacion/objectdb-2.8.9/db/existencias.odb' has been recovered (tr. 1-4)

[2024-05-09 20:14:30 #2 store] 
Database '/home/alumno/eclipse-workspace/Trabajo_Final_Programacion/objectdb-2.8.9/db/existencias.odb' is opened by 26625@A16-18

[2024-05-09 20:14:30 #3 store] 
Configuration path: ?

[2024-05-09 20:14:35 #4 store] 
Database '/home/alumno/eclipse-workspace/Trabajo_Final_Programacion/objectdb-2.8.9/db/existencias.odb' is closed by 26625@A16-18

------------------------------------------------------------------------------------------------------------------------

[2024-05-09 20:15:23 #1 store] 
Database '/home/alumno/eclipse-workspace/Trabajo_Final_Programacion/objectdb-2.8.9/db/existencias.odb' is opened by 27012@A16-18

[2024-05-09 20:15:23 #2 store] 
Configuration path: ?

[2024-05-09 20:15:23 #3 type] 
Type Material is not enhanced.

------------------------------------------------------------------------------------------------------------------------

[2024-05-09 20:26:01 #1 store] 
Database '/home/alumno/eclipse-workspace/Trabajo_Final_Programacion/objectdb-2.8.9/db/existencias.odb' has been recovered (tr. 5-5)

[2024-05-09 20:26:01 #2 store] 
Database '/home/alumno/eclipse-workspace/Trabajo_Final_Programacion/objectdb-2.8.9/db/existencias.odb' is opened by 30894@A16-18

[2024-05-09 20:26:01 #3 store] 
Configuration path: ?

[2024-05-09 20:26:01 #4 type] 
Type Material is not enhanced.

------------------------------------------------------------------------------------------------------------------------

[2024-05-09 20:30:01 #1 store] 
Database '/home/alumno/eclipse-workspace/Trabajo_Final_Programacion/objectdb-2.8.9/db/existencias.odb' has been recovered (tr. 7-7)

[2024-05-09 20:30:01 #2 store] 
Database '/home/alumno/eclipse-workspace/Trabajo_Final_Programacion/objectdb-2.8.9/db/existencias.odb' is opened by 32097@A16-18

[2024-05-09 20:30:01 #3 store] 
Configuration path: ?

[2024-05-09 20:30:01 #4 type] 
Type Material is not enhanced.

------------------------------------------------------------------------------------------------------------------------

[2024-05-09 20:33:34 #1 store] 
Database '/home/alumno/eclipse-workspace/Trabajo_Final_Programacion/objectdb-2.8.9/db/existencias.odb' is opened by 33436@A16-18

[2024-05-09 20:33:34 #2 store] 
Configuration path: ?

[2024-05-09 20:33:34 #3 type] 
Type Material is not enhanced.

